# JRE version: Java(TM) SE Runtime Environment (8.0_92-b14) (build 1.8.0_92-b14)
# Java VM: Java HotSpot(TM) Client VM (25.92-b14 mixed mode windows-x86 )
Heap:
 def new generation   total 39424K, used 8182K [0x05200000, 0x07cc0000, 0x0fca0000)
  eden space 35072K,  23% used [0x05200000, 0x059e7bd8, 0x07440000)
  from space 4352K,   2% used [0x07440000, 0x07455d70, 0x07880000)
  to   space 4352K,   0% used [0x07880000, 0x07880000, 0x07cc0000)
 tenured generation   total 87424K, used 43841K [0x0fca0000, 0x15200000, 0x25200000)
   the space 87424K,  50% used [0x0fca0000, 0x127705e8, 0x12770600, 0x15200000)
 Metaspace       used 20079K, capacity 20545K, committed 20736K, reserved 20864K
GC Heap History (10 events):
Event: 5590.349 GC heap before
{Heap before GC invocations=81 (full 2):
 def new generation   total 39424K, used 35155K [0x05200000, 0x07cc0000, 0x0fca0000)
  eden space 35072K, 100% used [0x05200000, 0x07440000, 0x07440000)
  from space 4352K,   1% used [0x07880000, 0x07894d30, 0x07cc0000)
  to   space 4352K,   0% used [0x07440000, 0x07440000, 0x07880000)
 tenured generation   total 87424K, used 43841K [0x0fca0000, 0x15200000, 0x25200000)
   the space 87424K,  50% used [0x0fca0000, 0x127705e8, 0x12770600, 0x15200000)
 Metaspace       used 20077K, capacity 20540K, committed 20736K, reserved 20864K
Event: 5590.351 GC heap after
Heap after GC invocations=82 (full 2):
 def new generation   total 39424K, used 85K [0x05200000, 0x07cc0000, 0x0fca0000)
  eden space 35072K,   0% used [0x05200000, 0x05200000, 0x07440000)
  from space 4352K,   1% used [0x07440000, 0x07455668, 0x07880000)
  to   space 4352K,   0% used [0x07880000, 0x07880000, 0x07cc0000)
 tenured generation   total 87424K, used 43841K [0x0fca0000, 0x15200000, 0x25200000)
   the space 87424K,  50% used [0x0fca0000, 0x127705e8, 0x12770600, 0x15200000)
 Metaspace       used 20077K, capacity 20540K, committed 20736K, reserved 20864K
}
Event: 6075.201 GC heap before
{Heap before GC invocations=82 (full 2):
 def new generation   total 39424K, used 35157K [0x05200000, 0x07cc0000, 0x0fca0000)
  eden space 35072K, 100% used [0x05200000, 0x07440000, 0x07440000)
  from space 4352K,   1% used [0x07440000, 0x07455668, 0x07880000)
  to   space 4352K,   0% used [0x07880000, 0x07880000, 0x07cc0000)
 tenured generation   total 87424K, used 43841K [0x0fca0000, 0x15200000, 0x25200000)
   the space 87424K,  50% used [0x0fca0000, 0x127705e8, 0x12770600, 0x15200000)
 Metaspace       used 20077K, capacity 20540K, committed 20736K, reserved 20864K
Event: 6075.205 GC heap after
Heap after GC invocations=83 (full 2):
 def new generation   total 39424K, used 83K [0x05200000, 0x07cc0000, 0x0fca0000)
  eden space 35072K,   0% used [0x05200000, 0x05200000, 0x07440000)
  from space 4352K,   1% used [0x07880000, 0x07894c18, 0x07cc0000)
  to   space 4352K,   0% used [0x07440000, 0x07440000, 0x07880000)
 tenured generation   total 87424K, used 43841K [0x0fca0000, 0x15200000, 0x25200000)
   the space 87424K,  50% used [0x0fca0000, 0x127705e8, 0x12770600, 0x15200000)
 Metaspace       used 20077K, capacity 20540K, committed 20736K, reserved 20864K
}
Event: 6561.371 GC heap before
{Heap before GC invocations=83 (full 2):
 def new generation   total 39424K, used 35155K [0x05200000, 0x07cc0000, 0x0fca0000)
  eden space 35072K, 100% used [0x05200000, 0x07440000, 0x07440000)
  from space 4352K,   1% used [0x07880000, 0x07894c18, 0x07cc0000)
  to   space 4352K,   0% used [0x07440000, 0x07440000, 0x07880000)
 tenured generation   total 87424K, used 43841K [0x0fca0000, 0x15200000, 0x25200000)
   the space 87424K,  50% used [0x0fca0000, 0x127705e8, 0x12770600, 0x15200000)
 Metaspace       used 20077K, capacity 20540K, committed 20736K, reserved 20864K
Event: 6561.373 GC heap after
Heap after GC invocations=84 (full 2):
 def new generation   total 39424K, used 84K [0x05200000, 0x07cc0000, 0x0fca0000)
  eden space 35072K,   0% used [0x05200000, 0x05200000, 0x07440000)
  from space 4352K,   1% used [0x07440000, 0x074550b8, 0x07880000)
  to   space 4352K,   0% used [0x07880000, 0x07880000, 0x07cc0000)
 tenured generation   total 87424K, used 43841K [0x0fca0000, 0x15200000, 0x25200000)
   the space 87424K,  50% used [0x0fca0000, 0x127705e8, 0x12770600, 0x15200000)
 Metaspace       used 20077K, capacity 20540K, committed 20736K, reserved 20864K
}
Event: 6990.753 GC heap before
{Heap before GC invocations=84 (full 2):
 def new generation   total 39424K, used 35156K [0x05200000, 0x07cc0000, 0x0fca0000)
  eden space 35072K, 100% used [0x05200000, 0x07440000, 0x07440000)
  from space 4352K,   1% used [0x07440000, 0x074550b8, 0x07880000)
  to   space 4352K,   0% used [0x07880000, 0x07880000, 0x07cc0000)
 tenured generation   total 87424K, used 43841K [0x0fca0000, 0x15200000, 0x25200000)
   the space 87424K,  50% used [0x0fca0000, 0x127705e8, 0x12770600, 0x15200000)
 Metaspace       used 20077K, capacity 20540K, committed 20736K, reserved 20864K
Event: 6990.758 GC heap after
Heap after GC invocations=85 (full 2):
 def new generation   total 39424K, used 221K [0x05200000, 0x07cc0000, 0x0fca0000)
  eden space 35072K,   0% used [0x05200000, 0x05200000, 0x07440000)
  from space 4352K,   5% used [0x07880000, 0x078b7428, 0x07cc0000)
  to   space 4352K,   0% used [0x07440000, 0x07440000, 0x07880000)
 tenured generation   total 87424K, used 43841K [0x0fca0000, 0x15200000, 0x25200000)
   the space 87424K,  50% used [0x0fca0000, 0x127705e8, 0x12770600, 0x15200000)
 Metaspace       used 20077K, capacity 20540K, committed 20736K, reserved 20864K
}
Event: 7435.107 GC heap before
{Heap before GC invocations=85 (full 2):
 def new generation   total 39424K, used 35293K [0x05200000, 0x07cc0000, 0x0fca0000)
  eden space 35072K, 100% used [0x05200000, 0x07440000, 0x07440000)
  from space 4352K,   5% used [0x07880000, 0x078b7428, 0x07cc0000)
  to   space 4352K,   0% used [0x07440000, 0x07440000, 0x07880000)
 tenured generation   total 87424K, used 43841K [0x0fca0000, 0x15200000, 0x25200000)
   the space 87424K,  50% used [0x0fca0000, 0x127705e8, 0x12770600, 0x15200000)
 Metaspace       used 20077K, capacity 20540K, committed 20736K, reserved 20864K
Event: 7435.112 GC heap after
Heap after GC invocations=86 (full 2):
 def new generation   total 39424K, used 87K [0x05200000, 0x07cc0000, 0x0fca0000)
  eden space 35072K,   0% used [0x05200000, 0x05200000, 0x07440000)
  from space 4352K,   2% used [0x07440000, 0x07455d70, 0x07880000)
  to   space 4352K,   0% used [0x07880000, 0x07880000, 0x07cc0000)
 tenured generation   total 87424K, used 43841K [0x0fca0000, 0x15200000, 0x25200000)
   the space 87424K,  50% used [0x0fca0000, 0x127705e8, 0x12770600, 0x15200000)
 Metaspace       used 20077K, capacity 20540K, committed 20736K, reserved 20864K
}

