# JRE version: Java(TM) SE Runtime Environment (8.0_92-b14) (build 1.8.0_92-b14)
# Java VM: Java HotSpot(TM) Client VM (25.92-b14 mixed mode windows-x86 )
Heap:
 def new generation   total 39424K, used 10520K [0x04600000, 0x070c0000, 0x0f0a0000)
  eden space 35072K,  29% used [0x04600000, 0x05045bb8, 0x06840000)
  from space 4352K,   0% used [0x06840000, 0x06840640, 0x06c80000)
  to   space 4352K,   0% used [0x06c80000, 0x06c80000, 0x070c0000)
 tenured generation   total 87424K, used 38379K [0x0f0a0000, 0x14600000, 0x24600000)
   the space 87424K,  43% used [0x0f0a0000, 0x1161af88, 0x1161b000, 0x14600000)
 Metaspace       used 20126K, capacity 20603K, committed 20864K, reserved 20864K
GC Heap History (10 events):
Event: 11583.486 GC heap before
{Heap before GC invocations=317 (full 2):
 def new generation   total 39424K, used 35074K [0x04600000, 0x070c0000, 0x0f0a0000)
  eden space 35072K, 100% used [0x04600000, 0x06840000, 0x06840000)
  from space 4352K,   0% used [0x06c80000, 0x06c80a38, 0x070c0000)
  to   space 4352K,   0% used [0x06840000, 0x06840000, 0x06c80000)
 tenured generation   total 87424K, used 38378K [0x0f0a0000, 0x14600000, 0x24600000)
   the space 87424K,  43% used [0x0f0a0000, 0x1161aaf0, 0x1161ac00, 0x14600000)
 Metaspace       used 20126K, capacity 20603K, committed 20864K, reserved 20864K
Event: 11583.487 GC heap after
Heap after GC invocations=318 (full 2):
 def new generation   total 39424K, used 2K [0x04600000, 0x070c0000, 0x0f0a0000)
  eden space 35072K,   0% used [0x04600000, 0x04600000, 0x06840000)
  from space 4352K,   0% used [0x06840000, 0x06840a38, 0x06c80000)
  to   space 4352K,   0% used [0x06c80000, 0x06c80000, 0x070c0000)
 tenured generation   total 87424K, used 38378K [0x0f0a0000, 0x14600000, 0x24600000)
   the space 87424K,  43% used [0x0f0a0000, 0x1161aaf0, 0x1161ac00, 0x14600000)
 Metaspace       used 20126K, capacity 20603K, committed 20864K, reserved 20864K
}
Event: 11587.236 GC heap before
{Heap before GC invocations=318 (full 2):
 def new generation   total 39424K, used 35074K [0x04600000, 0x070c0000, 0x0f0a0000)
  eden space 35072K, 100% used [0x04600000, 0x06840000, 0x06840000)
  from space 4352K,   0% used [0x06840000, 0x06840a38, 0x06c80000)
  to   space 4352K,   0% used [0x06c80000, 0x06c80000, 0x070c0000)
 tenured generation   total 87424K, used 38378K [0x0f0a0000, 0x14600000, 0x24600000)
   the space 87424K,  43% used [0x0f0a0000, 0x1161aaf0, 0x1161ac00, 0x14600000)
 Metaspace       used 20126K, capacity 20603K, committed 20864K, reserved 20864K
Event: 11587.237 GC heap after
Heap after GC invocations=319 (full 2):
 def new generation   total 39424K, used 1K [0x04600000, 0x070c0000, 0x0f0a0000)
  eden space 35072K,   0% used [0x04600000, 0x04600000, 0x06840000)
  from space 4352K,   0% used [0x06c80000, 0x06c80660, 0x070c0000)
  to   space 4352K,   0% used [0x06840000, 0x06840000, 0x06c80000)
 tenured generation   total 87424K, used 38379K [0x0f0a0000, 0x14600000, 0x24600000)
   the space 87424K,  43% used [0x0f0a0000, 0x1161af88, 0x1161b000, 0x14600000)
 Metaspace       used 20126K, capacity 20603K, committed 20864K, reserved 20864K
}
Event: 11591.063 GC heap before
{Heap before GC invocations=319 (full 2):
 def new generation   total 39424K, used 35073K [0x04600000, 0x070c0000, 0x0f0a0000)
  eden space 35072K, 100% used [0x04600000, 0x06840000, 0x06840000)
  from space 4352K,   0% used [0x06c80000, 0x06c80660, 0x070c0000)
  to   space 4352K,   0% used [0x06840000, 0x06840000, 0x06c80000)
 tenured generation   total 87424K, used 38379K [0x0f0a0000, 0x14600000, 0x24600000)
   the space 87424K,  43% used [0x0f0a0000, 0x1161af88, 0x1161b000, 0x14600000)
 Metaspace       used 20126K, capacity 20603K, committed 20864K, reserved 20864K
Event: 11591.064 GC heap after
Heap after GC invocations=320 (full 2):
 def new generation   total 39424K, used 1K [0x04600000, 0x070c0000, 0x0f0a0000)
  eden space 35072K,   0% used [0x04600000, 0x04600000, 0x06840000)
  from space 4352K,   0% used [0x06840000, 0x068405c0, 0x06c80000)
  to   space 4352K,   0% used [0x06c80000, 0x06c80000, 0x070c0000)
 tenured generation   total 87424K, used 38379K [0x0f0a0000, 0x14600000, 0x24600000)
   the space 87424K,  43% used [0x0f0a0000, 0x1161af88, 0x1161b000, 0x14600000)
 Metaspace       used 20126K, capacity 20603K, committed 20864K, reserved 20864K
}
Event: 11594.840 GC heap before
{Heap before GC invocations=320 (full 2):
 def new generation   total 39424K, used 35073K [0x04600000, 0x070c0000, 0x0f0a0000)
  eden space 35072K, 100% used [0x04600000, 0x06840000, 0x06840000)
  from space 4352K,   0% used [0x06840000, 0x068405c0, 0x06c80000)
  to   space 4352K,   0% used [0x06c80000, 0x06c80000, 0x070c0000)
 tenured generation   total 87424K, used 38379K [0x0f0a0000, 0x14600000, 0x24600000)
   the space 87424K,  43% used [0x0f0a0000, 0x1161af88, 0x1161b000, 0x14600000)
 Metaspace       used 20126K, capacity 20603K, committed 20864K, reserved 20864K
Event: 11594.841 GC heap after
Heap after GC invocations=321 (full 2):
 def new generation   total 39424K, used 1K [0x04600000, 0x070c0000, 0x0f0a0000)
  eden space 35072K,   0% used [0x04600000, 0x04600000, 0x06840000)
  from space 4352K,   0% used [0x06c80000, 0x06c80630, 0x070c0000)
  to   space 4352K,   0% used [0x06840000, 0x06840000, 0x06c80000)
 tenured generation   total 87424K, used 38379K [0x0f0a0000, 0x14600000, 0x24600000)
   the space 87424K,  43% used [0x0f0a0000, 0x1161af88, 0x1161b000, 0x14600000)
 Metaspace       used 20126K, capacity 20603K, committed 20864K, reserved 20864K
}
Event: 11598.558 GC heap before
{Heap before GC invocations=321 (full 2):
 def new generation   total 39424K, used 35073K [0x04600000, 0x070c0000, 0x0f0a0000)
  eden space 35072K, 100% used [0x04600000, 0x06840000, 0x06840000)
  from space 4352K,   0% used [0x06c80000, 0x06c80630, 0x070c0000)
  to   space 4352K,   0% used [0x06840000, 0x06840000, 0x06c80000)
 tenured generation   total 87424K, used 38379K [0x0f0a0000, 0x14600000, 0x24600000)
   the space 87424K,  43% used [0x0f0a0000, 0x1161af88, 0x1161b000, 0x14600000)
 Metaspace       used 20126K, capacity 20603K, committed 20864K, reserved 20864K
Event: 11598.559 GC heap after
Heap after GC invocations=322 (full 2):
 def new generation   total 39424K, used 1K [0x04600000, 0x070c0000, 0x0f0a0000)
  eden space 35072K,   0% used [0x04600000, 0x04600000, 0x06840000)
  from space 4352K,   0% used [0x06840000, 0x06840640, 0x06c80000)
  to   space 4352K,   0% used [0x06c80000, 0x06c80000, 0x070c0000)
 tenured generation   total 87424K, used 38379K [0x0f0a0000, 0x14600000, 0x24600000)
   the space 87424K,  43% used [0x0f0a0000, 0x1161af88, 0x1161b000, 0x14600000)
 Metaspace       used 20126K, capacity 20603K, committed 20864K, reserved 20864K
}

