# JRE version: Java(TM) SE Runtime Environment (8.0_92-b14) (build 1.8.0_92-b14)
# Java VM: Java HotSpot(TM) Client VM (25.92-b14 mixed mode windows-x86 )
Heap:
 def new generation   total 39424K, used 26884K [0x05000000, 0x07ac0000, 0x0faa0000)
  eden space 35072K,  73% used [0x05000000, 0x06952338, 0x07240000)
  from space 4352K,  21% used [0x07680000, 0x0776ed08, 0x07ac0000)
  to   space 4352K,   0% used [0x07240000, 0x07240000, 0x07680000)
 tenured generation   total 87424K, used 59735K [0x0faa0000, 0x15000000, 0x25000000)
   the space 87424K,  68% used [0x0faa0000, 0x134f5eb8, 0x134f6000, 0x15000000)
 Metaspace       used 20358K, capacity 20899K, committed 20992K, reserved 21888K
GC Heap History (10 events):
Event: 2307.442 GC heap before
{Heap before GC invocations=22 (full 2):
 def new generation   total 39424K, used 39424K [0x05000000, 0x07ac0000, 0x0faa0000)
  eden space 35072K, 100% used [0x05000000, 0x07240000, 0x07240000)
  from space 4352K, 100% used [0x07240000, 0x07680000, 0x07680000)
  to   space 4352K,   0% used [0x07680000, 0x07680000, 0x07ac0000)
 tenured generation   total 87424K, used 55401K [0x0faa0000, 0x15000000, 0x25000000)
   the space 87424K,  63% used [0x0faa0000, 0x130ba710, 0x130ba800, 0x15000000)
 Metaspace       used 20357K, capacity 20899K, committed 20992K, reserved 21888K
Event: 2307.453 GC heap after
Heap after GC invocations=23 (full 2):
 def new generation   total 39424K, used 181K [0x05000000, 0x07ac0000, 0x0faa0000)
  eden space 35072K,   0% used [0x05000000, 0x05000000, 0x07240000)
  from space 4352K,   4% used [0x07680000, 0x076ad538, 0x07ac0000)
  to   space 4352K,   0% used [0x07240000, 0x07240000, 0x07680000)
 tenured generation   total 87424K, used 59735K [0x0faa0000, 0x15000000, 0x25000000)
   the space 87424K,  68% used [0x0faa0000, 0x134f5eb8, 0x134f6000, 0x15000000)
 Metaspace       used 20357K, capacity 20899K, committed 20992K, reserved 21888K
}
Event: 2411.305 GC heap before
{Heap before GC invocations=23 (full 2):
 def new generation   total 39424K, used 35253K [0x05000000, 0x07ac0000, 0x0faa0000)
  eden space 35072K, 100% used [0x05000000, 0x07240000, 0x07240000)
  from space 4352K,   4% used [0x07680000, 0x076ad538, 0x07ac0000)
  to   space 4352K,   0% used [0x07240000, 0x07240000, 0x07680000)
 tenured generation   total 87424K, used 59735K [0x0faa0000, 0x15000000, 0x25000000)
   the space 87424K,  68% used [0x0faa0000, 0x134f5eb8, 0x134f6000, 0x15000000)
 Metaspace       used 20358K, capacity 20899K, committed 20992K, reserved 21888K
Event: 2411.309 GC heap after
Heap after GC invocations=24 (full 2):
 def new generation   total 39424K, used 347K [0x05000000, 0x07ac0000, 0x0faa0000)
  eden space 35072K,   0% used [0x05000000, 0x05000000, 0x07240000)
  from space 4352K,   7% used [0x07240000, 0x07296e60, 0x07680000)
  to   space 4352K,   0% used [0x07680000, 0x07680000, 0x07ac0000)
 tenured generation   total 87424K, used 59735K [0x0faa0000, 0x15000000, 0x25000000)
   the space 87424K,  68% used [0x0faa0000, 0x134f5eb8, 0x134f6000, 0x15000000)
 Metaspace       used 20358K, capacity 20899K, committed 20992K, reserved 21888K
}
Event: 2516.688 GC heap before
{Heap before GC invocations=24 (full 2):
 def new generation   total 39424K, used 35419K [0x05000000, 0x07ac0000, 0x0faa0000)
  eden space 35072K, 100% used [0x05000000, 0x07240000, 0x07240000)
  from space 4352K,   7% used [0x07240000, 0x07296e60, 0x07680000)
  to   space 4352K,   0% used [0x07680000, 0x07680000, 0x07ac0000)
 tenured generation   total 87424K, used 59735K [0x0faa0000, 0x15000000, 0x25000000)
   the space 87424K,  68% used [0x0faa0000, 0x134f5eb8, 0x134f6000, 0x15000000)
 Metaspace       used 20358K, capacity 20899K, committed 20992K, reserved 21888K
Event: 2516.695 GC heap after
Heap after GC invocations=25 (full 2):
 def new generation   total 39424K, used 873K [0x05000000, 0x07ac0000, 0x0faa0000)
  eden space 35072K,   0% used [0x05000000, 0x05000000, 0x07240000)
  from space 4352K,  20% used [0x07680000, 0x0775a748, 0x07ac0000)
  to   space 4352K,   0% used [0x07240000, 0x07240000, 0x07680000)
 tenured generation   total 87424K, used 59735K [0x0faa0000, 0x15000000, 0x25000000)
   the space 87424K,  68% used [0x0faa0000, 0x134f5eb8, 0x134f6000, 0x15000000)
 Metaspace       used 20358K, capacity 20899K, committed 20992K, reserved 21888K
}
Event: 2574.924 GC heap before
{Heap before GC invocations=25 (full 2):
 def new generation   total 39424K, used 35945K [0x05000000, 0x07ac0000, 0x0faa0000)
  eden space 35072K, 100% used [0x05000000, 0x07240000, 0x07240000)
  from space 4352K,  20% used [0x07680000, 0x0775a748, 0x07ac0000)
  to   space 4352K,   0% used [0x07240000, 0x07240000, 0x07680000)
 tenured generation   total 87424K, used 59735K [0x0faa0000, 0x15000000, 0x25000000)
   the space 87424K,  68% used [0x0faa0000, 0x134f5eb8, 0x134f6000, 0x15000000)
 Metaspace       used 20358K, capacity 20899K, committed 20992K, reserved 21888K
Event: 2574.930 GC heap after
Heap after GC invocations=26 (full 2):
 def new generation   total 39424K, used 818K [0x05000000, 0x07ac0000, 0x0faa0000)
  eden space 35072K,   0% used [0x05000000, 0x05000000, 0x07240000)
  from space 4352K,  18% used [0x07240000, 0x0730c850, 0x07680000)
  to   space 4352K,   0% used [0x07680000, 0x07680000, 0x07ac0000)
 tenured generation   total 87424K, used 59735K [0x0faa0000, 0x15000000, 0x25000000)
   the space 87424K,  68% used [0x0faa0000, 0x134f5eb8, 0x134f6000, 0x15000000)
 Metaspace       used 20358K, capacity 20899K, committed 20992K, reserved 21888K
}
Event: 2641.518 GC heap before
{Heap before GC invocations=26 (full 2):
 def new generation   total 39424K, used 35890K [0x05000000, 0x07ac0000, 0x0faa0000)
  eden space 35072K, 100% used [0x05000000, 0x07240000, 0x07240000)
  from space 4352K,  18% used [0x07240000, 0x0730c850, 0x07680000)
  to   space 4352K,   0% used [0x07680000, 0x07680000, 0x07ac0000)
 tenured generation   total 87424K, used 59735K [0x0faa0000, 0x15000000, 0x25000000)
   the space 87424K,  68% used [0x0faa0000, 0x134f5eb8, 0x134f6000, 0x15000000)
 Metaspace       used 20358K, capacity 20899K, committed 20992K, reserved 21888K
Event: 2641.524 GC heap after
Heap after GC invocations=27 (full 2):
 def new generation   total 39424K, used 955K [0x05000000, 0x07ac0000, 0x0faa0000)
  eden space 35072K,   0% used [0x05000000, 0x05000000, 0x07240000)
  from space 4352K,  21% used [0x07680000, 0x0776ed08, 0x07ac0000)
  to   space 4352K,   0% used [0x07240000, 0x07240000, 0x07680000)
 tenured generation   total 87424K, used 59735K [0x0faa0000, 0x15000000, 0x25000000)
   the space 87424K,  68% used [0x0faa0000, 0x134f5eb8, 0x134f6000, 0x15000000)
 Metaspace       used 20358K, capacity 20899K, committed 20992K, reserved 21888K
}

