# JRE version: Java(TM) SE Runtime Environment (8.0_92-b14) (build 1.8.0_92-b14)
# Java VM: Java HotSpot(TM) Client VM (25.92-b14 mixed mode windows-x86 )
Heap:
 def new generation   total 39424K, used 17348K [0x05200000, 0x07cc0000, 0x0fca0000)
  eden space 35072K,  44% used [0x05200000, 0x0613df48, 0x07440000)
  from space 4352K,  40% used [0x07880000, 0x07a33460, 0x07cc0000)
  to   space 4352K,   0% used [0x07440000, 0x07440000, 0x07880000)
 tenured generation   total 87424K, used 29412K [0x0fca0000, 0x15200000, 0x25200000)
   the space 87424K,  33% used [0x0fca0000, 0x11959368, 0x11959400, 0x15200000)
 Metaspace       used 20045K, capacity 20518K, committed 20736K, reserved 20864K
GC Heap History (10 events):
Event: 670.695 GC heap before
{Heap before GC invocations=10 (full 2):
 def new generation   total 39424K, used 35549K [0x05200000, 0x07cc0000, 0x0fca0000)
  eden space 35072K, 100% used [0x05200000, 0x07440000, 0x07440000)
  from space 4352K,  10% used [0x07440000, 0x074b7768, 0x07880000)
  to   space 4352K,   0% used [0x07880000, 0x07880000, 0x07cc0000)
 tenured generation   total 87424K, used 29412K [0x0fca0000, 0x15200000, 0x25200000)
   the space 87424K,  33% used [0x0fca0000, 0x11959368, 0x11959400, 0x15200000)
 Metaspace       used 19859K, capacity 20355K, committed 20608K, reserved 20864K
Event: 670.703 GC heap after
Heap after GC invocations=11 (full 2):
 def new generation   total 39424K, used 720K [0x05200000, 0x07cc0000, 0x0fca0000)
  eden space 35072K,   0% used [0x05200000, 0x05200000, 0x07440000)
  from space 4352K,  16% used [0x07880000, 0x07934120, 0x07cc0000)
  to   space 4352K,   0% used [0x07440000, 0x07440000, 0x07880000)
 tenured generation   total 87424K, used 29412K [0x0fca0000, 0x15200000, 0x25200000)
   the space 87424K,  33% used [0x0fca0000, 0x11959368, 0x11959400, 0x15200000)
 Metaspace       used 19859K, capacity 20355K, committed 20608K, reserved 20864K
}
Event: 847.306 GC heap before
{Heap before GC invocations=11 (full 2):
 def new generation   total 39424K, used 35792K [0x05200000, 0x07cc0000, 0x0fca0000)
  eden space 35072K, 100% used [0x05200000, 0x07440000, 0x07440000)
  from space 4352K,  16% used [0x07880000, 0x07934120, 0x07cc0000)
  to   space 4352K,   0% used [0x07440000, 0x07440000, 0x07880000)
 tenured generation   total 87424K, used 29412K [0x0fca0000, 0x15200000, 0x25200000)
   the space 87424K,  33% used [0x0fca0000, 0x11959368, 0x11959400, 0x15200000)
 Metaspace       used 19861K, capacity 20355K, committed 20608K, reserved 20864K
Event: 847.309 GC heap after
Heap after GC invocations=12 (full 2):
 def new generation   total 39424K, used 1026K [0x05200000, 0x07cc0000, 0x0fca0000)
  eden space 35072K,   0% used [0x05200000, 0x05200000, 0x07440000)
  from space 4352K,  23% used [0x07440000, 0x07540b60, 0x07880000)
  to   space 4352K,   0% used [0x07880000, 0x07880000, 0x07cc0000)
 tenured generation   total 87424K, used 29412K [0x0fca0000, 0x15200000, 0x25200000)
   the space 87424K,  33% used [0x0fca0000, 0x11959368, 0x11959400, 0x15200000)
 Metaspace       used 19861K, capacity 20355K, committed 20608K, reserved 20864K
}
Event: 1009.273 GC heap before
{Heap before GC invocations=12 (full 2):
 def new generation   total 39424K, used 36098K [0x05200000, 0x07cc0000, 0x0fca0000)
  eden space 35072K, 100% used [0x05200000, 0x07440000, 0x07440000)
  from space 4352K,  23% used [0x07440000, 0x07540b60, 0x07880000)
  to   space 4352K,   0% used [0x07880000, 0x07880000, 0x07cc0000)
 tenured generation   total 87424K, used 29412K [0x0fca0000, 0x15200000, 0x25200000)
   the space 87424K,  33% used [0x0fca0000, 0x11959368, 0x11959400, 0x15200000)
 Metaspace       used 20038K, capacity 20518K, committed 20736K, reserved 20864K
Event: 1009.281 GC heap after
Heap after GC invocations=13 (full 2):
 def new generation   total 39424K, used 1635K [0x05200000, 0x07cc0000, 0x0fca0000)
  eden space 35072K,   0% used [0x05200000, 0x05200000, 0x07440000)
  from space 4352K,  37% used [0x07880000, 0x07a18ec8, 0x07cc0000)
  to   space 4352K,   0% used [0x07440000, 0x07440000, 0x07880000)
 tenured generation   total 87424K, used 29412K [0x0fca0000, 0x15200000, 0x25200000)
   the space 87424K,  33% used [0x0fca0000, 0x11959368, 0x11959400, 0x15200000)
 Metaspace       used 20038K, capacity 20518K, committed 20736K, reserved 20864K
}
Event: 1183.537 GC heap before
{Heap before GC invocations=13 (full 2):
 def new generation   total 39424K, used 36707K [0x05200000, 0x07cc0000, 0x0fca0000)
  eden space 35072K, 100% used [0x05200000, 0x07440000, 0x07440000)
  from space 4352K,  37% used [0x07880000, 0x07a18ec8, 0x07cc0000)
  to   space 4352K,   0% used [0x07440000, 0x07440000, 0x07880000)
 tenured generation   total 87424K, used 29412K [0x0fca0000, 0x15200000, 0x25200000)
   the space 87424K,  33% used [0x0fca0000, 0x11959368, 0x11959400, 0x15200000)
 Metaspace       used 20045K, capacity 20518K, committed 20736K, reserved 20864K
Event: 1183.574 GC heap after
Heap after GC invocations=14 (full 2):
 def new generation   total 39424K, used 1499K [0x05200000, 0x07cc0000, 0x0fca0000)
  eden space 35072K,   0% used [0x05200000, 0x05200000, 0x07440000)
  from space 4352K,  34% used [0x07440000, 0x075b6df8, 0x07880000)
  to   space 4352K,   0% used [0x07880000, 0x07880000, 0x07cc0000)
 tenured generation   total 87424K, used 29412K [0x0fca0000, 0x15200000, 0x25200000)
   the space 87424K,  33% used [0x0fca0000, 0x11959368, 0x11959400, 0x15200000)
 Metaspace       used 20045K, capacity 20518K, committed 20736K, reserved 20864K
}
Event: 1353.954 GC heap before
{Heap before GC invocations=14 (full 2):
 def new generation   total 39424K, used 36571K [0x05200000, 0x07cc0000, 0x0fca0000)
  eden space 35072K, 100% used [0x05200000, 0x07440000, 0x07440000)
  from space 4352K,  34% used [0x07440000, 0x075b6df8, 0x07880000)
  to   space 4352K,   0% used [0x07880000, 0x07880000, 0x07cc0000)
 tenured generation   total 87424K, used 29412K [0x0fca0000, 0x15200000, 0x25200000)
   the space 87424K,  33% used [0x0fca0000, 0x11959368, 0x11959400, 0x15200000)
 Metaspace       used 20045K, capacity 20518K, committed 20736K, reserved 20864K
Event: 1353.994 GC heap after
Heap after GC invocations=15 (full 2):
 def new generation   total 39424K, used 1741K [0x05200000, 0x07cc0000, 0x0fca0000)
  eden space 35072K,   0% used [0x05200000, 0x05200000, 0x07440000)
  from space 4352K,  40% used [0x07880000, 0x07a33460, 0x07cc0000)
  to   space 4352K,   0% used [0x07440000, 0x07440000, 0x07880000)
 tenured generation   total 87424K, used 29412K [0x0fca0000, 0x15200000, 0x25200000)
   the space 87424K,  33% used [0x0fca0000, 0x11959368, 0x11959400, 0x15200000)
 Metaspace       used 20045K, capacity 20518K, committed 20736K, reserved 20864K
}

